SF:lib/shared/presentation/widgets/editor/find_replace_dialog.dart
DA:6,2
DA:29,2
DA:30,2
DA:42,2
DA:44,2
DA:45,8
DA:46,6
DA:47,4
DA:51,2
DA:53,4
DA:54,4
DA:55,4
DA:56,2
DA:59,2
DA:61,2
DA:63,2
DA:64,2
DA:67,2
DA:70,2
DA:72,2
DA:73,2
DA:74,2
DA:75,2
DA:76,4
DA:79,2
DA:80,4
DA:81,5
DA:82,2
DA:84,2
DA:86,0
DA:94,2
DA:95,2
DA:96,2
DA:102,0
DA:106,3
DA:108,1
DA:109,1
DA:115,0
DA:119,2
DA:122,2
DA:123,2
DA:124,2
DA:126,2
DA:127,2
DA:128,2
DA:129,1
DA:130,3
DA:136,2
DA:138,2
DA:139,2
DA:140,2
DA:141,0
DA:142,0
DA:150,2
DA:153,2
DA:156,2
DA:157,3
DA:158,1
DA:159,1
DA:162,1
DA:163,1
DA:167,2
DA:168,0
DA:171,2
DA:172,2
DA:183,2
DA:184,4
DA:185,2
DA:186,10
DA:190,0
DA:191,0
DA:192,0
DA:193,0
DA:194,0
DA:198,0
DA:199,0
DA:200,0
DA:201,0
DA:202,0
DA:209,0
DA:220,0
DA:222,0
DA:223,0
DA:224,0
DA:226,0
DA:229,0
DA:230,0
DA:231,0
DA:233,0
DA:235,0
DA:242,2
DA:246,2
LF:92
LH:65
end_of_record
SF:lib/shared/presentation/widgets/layouts/desktop/core/file_content_provider.dart
DA:15,0
DA:16,0
DA:17,0
DA:21,0
DA:22,0
DA:23,0
DA:33,1
DA:35,5
DA:36,6
DA:40,2
DA:41,4
DA:44,3
DA:45,2
DA:46,2
DA:50,1
DA:51,2
DA:52,2
DA:53,3
DA:58,1
DA:59,5
DA:60,2
DA:61,3
DA:66,3
DA:67,6
DA:69,0
DA:70,0
DA:71,0
DA:77,0
DA:80,0
DA:84,0
DA:85,0
DA:86,0
DA:89,0
DA:97,2
DA:99,0
DA:100,0
DA:129,0
DA:131,0
DA:132,0
DA:133,0
DA:134,0
DA:135,0
DA:138,0
DA:140,0
DA:141,0
DA:144,0
DA:146,0
DA:147,0
DA:148,0
DA:149,0
DA:150,0
DA:151,0
DA:154,0
DA:155,0
DA:159,0
DA:160,0
DA:161,0
DA:163,0
DA:164,0
DA:167,0
DA:168,0
DA:169,0
DA:170,0
DA:174,0
DA:175,0
DA:176,0
DA:177,0
DA:178,0
DA:179,0
DA:180,0
DA:185,0
DA:186,0
DA:187,0
DA:188,0
DA:192,0
DA:193,0
DA:194,0
DA:197,0
DA:198,0
DA:199,0
DA:202,0
DA:203,0
DA:206,0
DA:207,0
DA:211,0
DA:212,0
DA:213,0
DA:214,0
DA:217,0
DA:220,0
DA:222,0
DA:223,0
DA:228,0
DA:231,0
DA:232,0
DA:235,0
DA:236,0
DA:238,0
DA:240,0
DA:241,0
DA:245,0
DA:246,0
DA:249,0
DA:250,0
DA:253,0
DA:254,0
DA:258,0
DA:259,0
DA:260,0
DA:262,0
DA:263,0
DA:268,0
DA:269,0
DA:270,0
DA:276,0
DA:278,0
DA:280,0
DA:281,0
DA:282,0
DA:285,0
DA:289,0
DA:292,0
DA:293,0
DA:297,0
DA:298,0
DA:300,0
DA:302,0
DA:303,0
DA:304,0
DA:305,0
DA:310,0
DA:311,0
DA:313,0
DA:315,0
DA:316,0
DA:317,0
DA:318,0
DA:323,0
DA:324,0
DA:325,0
DA:327,0
DA:328,0
DA:332,0
DA:333,0
DA:334,0
DA:336,0
DA:337,0
DA:340,0
DA:341,0
DA:342,0
DA:345,0
DA:346,0
DA:347,0
DA:348,0
DA:353,0
DA:354,0
DA:355,0
DA:356,0
DA:358,0
DA:360,0
DA:361,0
DA:362,0
DA:365,0
DA:366,0
DA:370,0
DA:371,0
DA:376,0
DA:377,0
DA:382,0
DA:383,0
DA:384,0
DA:385,0
DA:390,0
DA:391,0
DA:393,0
DA:397,0
DA:398,0
DA:399,0
DA:401,0
DA:403,0
DA:404,0
DA:405,0
DA:406,0
DA:407,0
DA:410,0
DA:411,0
DA:414,0
DA:415,0
DA:416,0
DA:419,0
DA:422,0
DA:425,0
DA:426,0
DA:429,0
DA:431,0
DA:436,0
DA:437,0
DA:438,0
DA:439,0
DA:443,0
DA:444,0
DA:445,0
DA:447,0
DA:449,0
DA:450,0
DA:455,0
DA:456,0
DA:457,0
DA:461,0
DA:464,0
DA:465,0
DA:467,0
DA:468,0
DA:471,0
DA:472,0
DA:473,0
DA:475,0
DA:476,0
DA:479,0
DA:480,0
DA:484,0
DA:485,0
DA:487,0
DA:488,0
DA:489,0
DA:492,0
DA:495,0
DA:496,0
DA:497,0
DA:498,0
DA:499,0
DA:500,0
DA:501,0
DA:502,0
DA:503,0
DA:506,0
DA:509,0
DA:510,0
DA:513,0
DA:515,0
DA:520,0
DA:521,0
DA:522,0
DA:523,0
DA:527,0
DA:528,0
DA:529,0
DA:530,0
DA:531,0
DA:534,0
DA:537,0
DA:538,0
DA:539,0
DA:540,0
DA:541,0
DA:544,0
DA:547,0
DA:549,0
DA:550,0
DA:551,0
DA:556,0
DA:558,0
DA:560,0
DA:564,0
DA:565,0
DA:566,0
DA:568,0
DA:569,0
DA:572,0
DA:575,0
DA:576,0
DA:577,0
DA:578,0
DA:587,0
DA:588,0
DA:590,0
DA:593,0
DA:594,0
DA:595,0
DA:596,0
DA:597,0
DA:601,0
DA:602,0
DA:604,0
DA:605,0
DA:608,0
DA:609,0
DA:610,0
DA:612,0
DA:614,0
DA:615,0
DA:621,0
DA:624,0
DA:625,0
DA:626,0
DA:630,0
DA:631,0
DA:636,0
DA:637,0
DA:639,0
DA:640,0
DA:643,0
DA:645,0
DA:649,0
DA:651,0
DA:655,0
DA:657,0
DA:659,0
DA:660,0
DA:661,0
DA:666,0
DA:668,0
DA:669,0
DA:670,0
DA:675,0
DA:677,0
DA:681,0
DA:683,0
DA:685,0
DA:689,0
DA:692,0
DA:696,0
DA:698,0
DA:700,0
DA:708,0
DA:709,0
DA:710,0
DA:711,0
DA:712,0
DA:713,0
DA:714,0
DA:715,0
DA:716,0
DA:717,0
DA:718,0
DA:719,0
DA:720,0
DA:721,0
DA:722,0
DA:723,0
DA:724,0
DA:725,0
DA:726,0
DA:727,0
DA:728,0
DA:729,0
DA:730,0
DA:731,0
DA:732,0
DA:733,0
DA:734,0
DA:735,0
DA:737,0
DA:742,0
DA:743,0
DA:744,0
DA:746,0
DA:752,0
DA:753,0
DA:755,0
DA:758,0
DA:759,0
DA:768,0
DA:769,0
DA:770,0
DA:773,0
DA:774,0
DA:775,0
DA:776,0
DA:777,0
DA:781,0
DA:782,0
DA:783,0
DA:784,0
DA:785,0
DA:786,0
DA:788,0
DA:792,0
DA:793,0
DA:794,0
DA:806,0
DA:807,0
DA:808,0
DA:810,0
DA:814,0
DA:816,0
DA:822,0
DA:824,0
DA:825,0
DA:826,0
DA:827,0
DA:828,0
DA:832,0
DA:833,0
DA:834,0
DA:836,0
DA:838,0
DA:839,0
DA:842,0
DA:843,0
DA:844,0
DA:845,0
DA:846,0
DA:853,0
DA:857,0
DA:859,0
DA:861,0
DA:862,0
DA:863,0
DA:865,0
DA:866,0
DA:867,0
DA:869,0
DA:870,0
DA:874,0
DA:875,0
DA:879,0
DA:882,0
DA:883,0
DA:884,0
DA:886,0
DA:895,0
DA:902,0
DA:904,0
DA:905,0
DA:907,0
DA:908,0
DA:909,0
DA:911,0
DA:912,0
DA:914,0
DA:915,0
DA:916,0
DA:923,0
DA:924,0
DA:926,0
DA:940,0
DA:941,0
DA:942,0
DA:950,0
DA:951,0
DA:952,0
DA:953,0
DA:955,0
DA:956,0
DA:958,0
DA:970,0
DA:971,0
DA:977,0
DA:978,0
DA:980,0
DA:981,0
DA:982,0
DA:983,0
DA:984,0
DA:989,0
DA:990,0
DA:992,0
DA:994,0
DA:997,0
DA:998,0
DA:999,0
DA:1000,0
DA:1002,0
DA:1007,0
DA:1008,0
DA:1009,0
DA:1017,0
DA:1018,0
DA:1019,0
DA:1020,0
DA:1021,0
DA:1022,0
DA:1023,0
DA:1028,0
DA:1029,0
DA:1030,0
DA:1031,0
DA:1032,0
DA:1033,0
DA:1034,0
DA:1039,0
DA:1041,0
DA:1042,0
DA:1046,0
DA:1049,0
DA:1051,0
DA:1053,0
DA:1054,0
DA:1056,0
DA:1060,0
DA:1061,0
DA:1066,0
DA:1072,0
DA:1073,0
DA:1075,0
DA:1077,0
DA:1078,0
DA:1081,0
DA:1082,0
DA:1083,0
DA:1084,0
DA:1089,0
DA:1090,0
DA:1096,0
DA:1099,0
DA:1105,0
DA:1107,0
DA:1111,0
DA:1112,0
DA:1115,0
DA:1116,0
DA:1117,0
DA:1121,0
DA:1124,0
DA:1125,0
DA:1132,1
DA:1159,1
DA:1160,1
DA:1165,2
DA:1167,1
DA:1168,2
DA:1169,2
DA:1171,3
DA:1172,1
DA:1175,2
DA:1177,3
DA:1178,1
DA:1181,1
DA:1182,2
DA:1183,3
DA:1184,1
DA:1187,2
DA:1188,2
DA:1189,1
DA:1202,2
DA:1204,3
DA:1206,2
DA:1207,1
DA:1210,1
DA:1211,2
DA:1212,2
DA:1213,1
DA:1214,2
DA:1216,3
DA:1220,1
DA:1223,2
DA:1225,2
DA:1226,1
DA:1228,1
DA:1231,1
DA:1240,1
DA:1241,4
DA:1242,6
DA:1246,1
DA:1247,4
DA:1248,3
DA:1253,1
DA:1254,3
DA:1256,2
DA:1257,1
DA:1259,3
DA:1261,2
DA:1262,4
DA:1263,0
DA:1264,0
DA:1265,0
DA:1272,3
DA:1274,1
DA:1275,5
DA:1277,1
DA:1279,0
DA:1283,1
LF:573
LH:72
end_of_record
SF:lib/features/export/data/repositories/export_repository_impl.dart
DA:11,0
DA:14,0
DA:15,0
DA:17,0
DA:18,0
DA:19,0
DA:20,0
DA:21,0
DA:22,0
DA:23,0
DA:24,0
DA:25,0
DA:28,0
DA:31,0
DA:36,0
DA:41,0
DA:43,0
DA:46,0
DA:49,0
DA:51,0
DA:53,0
DA:55,0
DA:60,0
DA:61,0
DA:63,0
DA:64,0
DA:70,0
DA:71,0
DA:72,0
DA:74,0
DA:75,0
DA:76,0
DA:79,0
DA:82,0
DA:83,0
DA:84,0
DA:87,0
DA:88,0
DA:89,0
DA:91,0
DA:94,0
DA:101,0
DA:102,0
DA:104,0
DA:106,0
DA:108,0
DA:109,0
DA:113,0
DA:118,0
DA:119,0
DA:121,0
DA:123,0
DA:125,0
DA:126,0
DA:130,0
DA:135,0
DA:136,0
DA:138,0
DA:140,0
DA:142,0
DA:143,0
DA:147,0
DA:152,0
DA:154,0
DA:156,0
DA:158,0
DA:159,0
DA:163,0
DA:164,0
DA:165,0
DA:166,0
DA:179,0
DA:193,0
DA:199,0
DA:201,0
DA:204,0
DA:207,0
DA:208,0
DA:209,0
DA:211,0
DA:212,0
DA:213,0
DA:216,0
DA:217,0
DA:218,0
DA:219,0
DA:221,0
DA:225,0
DA:226,0
DA:227,0
DA:228,0
DA:231,0
LF:92
LH:0
end_of_record
SF:lib/features/export/domain/entities/export_entities.dart
DA:13,2
DA:41,0
DA:55,0
DA:56,0
DA:57,0
DA:59,0
DA:60,0
DA:61,0
DA:62,0
DA:63,0
DA:64,0
DA:65,0
DA:66,0
DA:67,0
DA:68,0
DA:74,0
DA:88,0
LF:17
LH:1
end_of_record
SF:lib/features/export/domain/usecases/export_usecases.dart
DA:6,0
DA:10,0
DA:11,0
DA:17,0
DA:21,0
DA:22,0
DA:28,0
DA:32,0
DA:33,0
LF:9
LH:0
end_of_record
SF:lib/features/export/presentation/providers/export_provider.dart
DA:10,2
DA:20,0
DA:25,0
DA:26,0
DA:27,0
DA:28,0
DA:35,0
DA:36,0
DA:43,0
DA:44,0
DA:45,0
DA:46,0
DA:49,0
DA:50,0
DA:53,0
DA:54,0
DA:59,0
DA:61,0
DA:66,0
DA:67,0
DA:70,0
DA:71,0
DA:75,0
DA:76,0
LF:24
LH:1
end_of_record
SF:lib/features/export/presentation/widgets/export_dialog.dart
DA:10,0
DA:19,0
DA:20,0
DA:27,0
DA:29,0
DA:30,0
DA:33,0
DA:35,0
DA:36,0
DA:38,0
DA:39,0
DA:42,0
DA:45,0
DA:47,0
DA:49,0
DA:50,0
DA:51,0
DA:53,0
DA:55,0
DA:58,0
DA:60,0
DA:69,0
DA:70,0
DA:72,0
DA:74,0
DA:76,0
DA:77,0
DA:78,0
DA:85,0
DA:90,0
DA:95,0
DA:98,0
DA:100,0
DA:102,0
DA:103,0
DA:104,0
DA:106,0
DA:107,0
DA:108,0
DA:110,0
DA:114,0
DA:115,0
DA:116,0
DA:117,0
DA:118,0
DA:128,0
DA:130,0
DA:132,0
DA:133,0
DA:134,0
DA:136,0
DA:137,0
DA:138,0
DA:140,0
DA:144,0
DA:145,0
DA:146,0
DA:147,0
DA:148,0
DA:164,0
DA:166,0
DA:168,0
DA:169,0
DA:170,0
DA:174,0
DA:175,0
DA:176,0
DA:183,0
DA:184,0
DA:195,0
DA:196,0
DA:198,0
DA:200,0
DA:201,0
DA:203,0
DA:208,0
DA:210,0
DA:211,0
DA:212,0
DA:213,0
DA:214,0
DA:216,0
DA:217,0
DA:222,0
DA:228,0
DA:229,0
DA:231,0
DA:232,0
DA:234,0
DA:239,0
DA:241,0
DA:242,0
DA:243,0
DA:244,0
DA:248,0
DA:250,0
DA:251,0
DA:252,0
DA:253,0
DA:257,0
DA:258,0
DA:259,0
DA:261,0
DA:262,0
DA:263,0
DA:264,0
DA:268,0
DA:269,0
DA:271,0
DA:276,0
DA:277,0
DA:278,0
DA:289,0
DA:290,0
DA:292,0
DA:293,0
DA:295,0
DA:300,0
DA:301,0
DA:302,0
DA:303,0
DA:304,0
DA:305,0
DA:310,0
DA:311,0
DA:321,0
DA:322,0
DA:324,0
DA:325,0
DA:328,0
DA:330,0
DA:331,0
DA:333,0
DA:337,0
DA:341,0
DA:342,0
DA:347,0
DA:348,0
DA:349,0
DA:350,0
DA:351,0
DA:352,0
DA:355,0
LF:143
LH:0
end_of_record
SF:lib/shared/presentation/providers/tab_provider.dart
DA:7,0
DA:23,0
DA:31,0
DA:32,0
DA:33,0
DA:34,0
DA:35,0
DA:36,0
DA:37,0
DA:41,0
DA:44,0
DA:46,0
DA:47,0
DA:52,2
DA:60,0
DA:65,0
DA:66,0
DA:67,0
DA:71,0
DA:73,0
DA:74,0
DA:75,0
DA:78,0
DA:79,0
DA:84,0
DA:87,0
DA:95,0
DA:97,0
DA:99,0
DA:102,0
DA:111,0
DA:112,0
DA:119,0
DA:120,0
DA:121,0
DA:123,0
DA:124,0
DA:126,0
DA:128,0
DA:131,0
DA:132,0
DA:134,0
DA:136,0
DA:139,0
DA:143,0
DA:151,0
DA:152,0
DA:153,0
DA:158,0
DA:165,0
DA:166,0
DA:168,0
DA:169,0
DA:176,0
DA:180,0
DA:181,0
DA:185,0
DA:186,0
DA:187,0
DA:188,0
DA:191,0
DA:192,0
DA:198,0
DA:199,0
DA:201,0
DA:202,0
DA:203,0
DA:205,0
DA:210,0
DA:211,0
LF:70
LH:1
end_of_record
SF:lib/shared/presentation/widgets/editor/blox_syntax_highlighter.dart
DA:5,0
DA:10,0
DA:11,0
DA:14,0
DA:16,0
DA:17,0
DA:20,0
DA:21,0
DA:26,0
DA:27,0
DA:32,0
DA:33,0
DA:35,0
DA:36,0
DA:37,0
DA:38,0
DA:41,0
DA:42,0
DA:43,0
DA:45,0
DA:47,0
DA:48,0
DA:55,0
DA:59,0
DA:60,0
DA:62,0
DA:66,0
DA:68,0
DA:69,0
DA:70,0
DA:71,0
DA:72,0
DA:77,0
DA:79,0
DA:80,0
DA:83,0
DA:84,0
DA:86,0
DA:89,0
DA:90,0
DA:91,0
DA:94,0
DA:98,0
DA:99,0
DA:102,0
DA:103,0
DA:104,0
DA:107,0
DA:111,0
DA:115,0
DA:116,0
DA:117,0
DA:118,0
DA:119,0
DA:127,0
DA:128,0
DA:129,0
DA:133,0
DA:135,0
DA:136,0
DA:137,0
DA:138,0
DA:139,0
DA:145,0
DA:146,0
DA:149,0
DA:150,0
DA:151,0
DA:152,0
DA:153,0
DA:155,0
DA:159,0
DA:160,0
DA:161,0
DA:162,0
DA:163,0
DA:172,0
DA:173,0
DA:174,0
DA:175,0
DA:178,0
DA:179,0
DA:181,0
DA:182,0
DA:183,0
DA:184,0
DA:187,0
DA:188,0
DA:192,0
DA:198,2
DA:211,0
DA:212,0
DA:214,0
DA:215,0
DA:216,0
DA:220,0
DA:221,0
DA:226,0
DA:227,0
DA:232,0
DA:233,0
DA:238,0
DA:239,0
DA:244,0
DA:245,0
DA:249,0
DA:250,0
DA:254,0
DA:255,0
DA:260,0
DA:261,0
DA:266,0
DA:267,0
DA:274,0
LF:114
LH:1
end_of_record
SF:lib/shared/presentation/widgets/layouts/desktop/core/ui_registry.dart
DA:21,0
DA:22,0
DA:23,0
DA:29,0
DA:30,0
DA:31,0
DA:32,0
DA:36,0
DA:37,0
DA:38,0
DA:43,0
DA:44,0
DA:45,0
DA:46,0
DA:50,0
DA:53,0
DA:55,0
DA:62,0
DA:64,0
DA:65,0
DA:73,0
DA:74,0
DA:75,0
LF:23
LH:0
end_of_record
SF:lib/src/rust/api/blox_api.dart
DA:15,0
DA:16,0
DA:19,0
DA:20,0
DA:23,0
DA:27,0
DA:33,0
DA:37,0
DA:38,0
DA:41,0
DA:42,0
DA:45,0
DA:60,0
DA:62,0
DA:63,0
DA:64,0
DA:65,0
DA:66,0
DA:67,0
DA:69,0
DA:72,0
DA:73,0
DA:74,0
DA:75,0
DA:76,0
DA:77,0
DA:78,0
DA:79,0
DA:83,0
DA:90,0
DA:91,0
DA:93,0
DA:96,0
DA:97,0
DA:98,0
DA:99,0
LF:36
LH:0
end_of_record
SF:lib/src/rust/frb_generated.dart
DA:18,0
DA:20,0
DA:23,0
DA:29,0
DA:39,0
DA:42,0
DA:51,0
DA:53,0
DA:57,0
DA:61,0
DA:63,0
DA:66,0
DA:70,0
DA:73,0
DA:107,0
DA:114,0
DA:119,0
DA:120,0
DA:121,0
DA:122,0
DA:123,0
DA:124,0
DA:125,0
DA:127,0
DA:128,0
DA:129,0
DA:131,0
DA:132,0
DA:138,0
DA:144,0
DA:149,0
DA:150,0
DA:151,0
DA:152,0
DA:153,0
DA:154,0
DA:155,0
DA:157,0
DA:158,0
DA:159,0
DA:161,0
DA:162,0
DA:168,0
DA:174,0
DA:176,0
DA:177,0
DA:178,0
DA:179,0
DA:180,0
DA:181,0
DA:183,0
DA:184,0
DA:187,0
DA:188,0
DA:194,0
DA:199,0
DA:201,0
DA:202,0
DA:203,0
DA:204,0
DA:205,0
DA:206,0
DA:212,0
DA:213,0
DA:216,0
DA:217,0
DA:223,0
DA:228,0
DA:232,0
DA:233,0
DA:234,0
DA:235,0
DA:236,0
DA:237,0
DA:238,0
DA:244,0
DA:245,0
DA:246,0
DA:248,0
DA:249,0
DA:255,0
DA:261,0
DA:263,0
DA:264,0
DA:265,0
DA:266,0
DA:267,0
DA:268,0
DA:270,0
DA:271,0
DA:272,0
DA:274,0
DA:275,0
DA:281,0
DA:287,0
DA:289,0
DA:290,0
DA:291,0
DA:292,0
DA:293,0
DA:294,0
DA:296,0
DA:297,0
DA:298,0
DA:300,0
DA:301,0
DA:307,0
DA:313,0
DA:316,0
DA:317,0
DA:318,0
DA:322,0
DA:328,0
DA:332,0
DA:333,0
DA:334,0
DA:335,0
DA:336,0
DA:337,0
DA:338,0
DA:339,0
DA:340,0
DA:344,0
DA:348,0
DA:349,0
DA:350,0
DA:351,0
DA:352,0
DA:356,0
DA:359,0
DA:362,0
DA:368,0
DA:371,0
DA:374,0
DA:380,0
DA:383,0
DA:386,0
DA:389,0
DA:392,0
DA:398,0
DA:401,0
DA:404,0
DA:408,0
DA:409,0
DA:412,0
DA:413,0
DA:417,0
DA:423,0
DA:429,0
DA:432,0
DA:435,0
DA:440,0
DA:441,0
DA:444,0
DA:447,0
DA:448,0
DA:451,0
DA:454,0
DA:455,0
DA:456,0
DA:457,0
DA:458,0
DA:459,0
DA:460,0
DA:470,0
DA:473,0
DA:474,0
DA:475,0
DA:478,0
DA:481,0
DA:482,0
DA:485,0
DA:488,0
DA:491,0
DA:496,0
DA:499,0
DA:502,0
DA:505,0
DA:509,0
DA:510,0
DA:511,0
DA:512,0
DA:517,0
DA:521,0
DA:522,0
DA:523,0
DA:524,0
DA:529,0
DA:532,0
DA:533,0
DA:536,0
DA:542,0
DA:543,0
DA:544,0
DA:545,0
DA:550,0
DA:555,0
DA:556,0
DA:560,0
DA:563,0
DA:566,0
DA:571,0
DA:574,0
DA:577,0
DA:583,0
DA:584,0
DA:589,0
DA:592,0
DA:595,0
DA:598,0
DA:599,0
DA:600,0
DA:601,0
DA:602,0
DA:603,0
DA:606,0
DA:609,0
DA:610,0
DA:613,0
DA:619,0
DA:622,0
DA:625,0
DA:628,0
DA:634,0
DA:637,0
DA:640,0
DA:643,0
DA:646,0
DA:647,0
DA:648,0
DA:652,0
DA:658,0
DA:659,0
DA:660,0
DA:664,0
DA:670,0
DA:671,0
DA:674,0
DA:680,0
DA:681,0
DA:682,0
DA:686,0
DA:692,0
DA:693,0
DA:696,0
DA:699,0
DA:702,0
DA:707,0
DA:710,0
LF:249
LH:0
end_of_record
SF:lib/src/rust/api/simple.dart
DA:9,0
DA:10,0
LF:2
LH:0
end_of_record
SF:lib/src/rust/frb_generated.io.dart
DA:15,0
DA:181,0
DA:182,0
DA:189,0
DA:190,0
LF:5
LH:0
end_of_record
